<?xml version="1.0" encoding="UTF-8"?>
<testsuite name="io.swagger.petstore.cucumber.CucumberRunner" time="0.213" tests="16" errors="0" skipped="0" failures="0">
  <properties>
    <property name="idea.version" value="2022.2.2"/>
    <property name="java.runtime.name" value="Java(TM) SE Runtime Environment"/>
    <property name="sun.boot.library.path" value="C:\Program Files\Java\jdk1.8.0_121\jre\bin"/>
    <property name="java.vm.version" value="25.121-b13"/>
    <property name="java.vm.vendor" value="Oracle Corporation"/>
    <property name="maven.multiModuleProjectDirectory" value="C:\Users\44744\IdeaProjects\petsotre-serenity-cucumber-pradipkakadiya-08-01-2023"/>
    <property name="java.vendor.url" value="http://java.oracle.com/"/>
    <property name="path.separator" value=";"/>
    <property name="guice.disable.misplaced.annotation.check" value="true"/>
    <property name="java.vm.name" value="Java HotSpot(TM) 64-Bit Server VM"/>
    <property name="file.encoding.pkg" value="sun.io"/>
    <property name="user.script" value=""/>
    <property name="user.country" value="IN"/>
    <property name="sun.java.launcher" value="SUN_STANDARD"/>
    <property name="sun.os.patch.level" value=""/>
    <property name="java.vm.specification.name" value="Java Virtual Machine Specification"/>
    <property name="user.dir" value="C:\Users\44744\IdeaProjects\petsotre-serenity-cucumber-pradipkakadiya-08-01-2023"/>
    <property name="java.runtime.version" value="1.8.0_121-b13"/>
    <property name="java.awt.graphicsenv" value="sun.awt.Win32GraphicsEnvironment"/>
    <property name="java.endorsed.dirs" value="C:\Program Files\Java\jdk1.8.0_121\jre\lib\endorsed"/>
    <property name="os.arch" value="amd64"/>
    <property name="java.io.tmpdir" value="C:\Users\44744\AppData\Local\Temp\"/>
    <property name="line.separator" value="&#10;"/>
    <property name="java.vm.specification.vendor" value="Oracle Corporation"/>
    <property name="user.variant" value=""/>
    <property name="os.name" value="Windows 10"/>
    <property name="maven.ext.class.path" value="C:\Program Files\JetBrains\IntelliJ IDEA Community Edition 2022.2.2\plugins\maven\lib\maven-event-listener.jar"/>
    <property name="classworlds.conf" value="C:\Program Files\JetBrains\IntelliJ IDEA Community Edition 2022.2.2\plugins\maven\lib\maven3\bin\m2.conf"/>
    <property name="sun.jnu.encoding" value="Cp1252"/>
    <property name="java.library.path" value="C:\Program Files\Java\jdk1.8.0_121\bin;C:\Windows\Sun\Java\bin;C:\Windows\system32;C:\Windows;C:\ProgramData\Oracle\Java\javapath;C:\Windows\system32;C:\Windows;C:\Windows\System32\Wbem;C:\Windows\System32\WindowsPowerShell\v1.0\;C:\Windows\System32\OpenSSH\;C:\Program Files\Java\jdk1.8.0_121\;C:\Program Files\Git\cmd;C:\Program Files\Java\jdk1.8.0_121\bin;C:\Apache\apache-maven-3.8.6\bin;C:\Apache\apache-maven-3.8.6\bin;C:\Program Files\nodejs\;C:\Users\44744\AppData\Local\Microsoft\WindowsApps;C:\Users\44744\AppData\Roaming\npm;."/>
    <property name="maven.conf" value="C:\Program Files\JetBrains\IntelliJ IDEA Community Edition 2022.2.2\plugins\maven\lib\maven3/conf"/>
    <property name="java.specification.name" value="Java Platform API Specification"/>
    <property name="java.class.version" value="52.0"/>
    <property name="sun.management.compiler" value="HotSpot 64-Bit Tiered Compilers"/>
    <property name="os.version" value="10.0"/>
    <property name="user.home" value="C:\Users\44744"/>
    <property name="tags" value="“userfeature:SMOKE,userfeature:POSITIVE,userfeature:NEGETIVE,”serenity:aggregate"/>
    <property name="user.timezone" value="Europe/London"/>
    <property name="java.awt.printerjob" value="sun.awt.windows.WPrinterJob"/>
    <property name="java.specification.version" value="1.8"/>
    <property name="file.encoding" value="UTF-8"/>
    <property name="user.name" value="44744"/>
    <property name="java.class.path" value="C:\Program Files\JetBrains\IntelliJ IDEA Community Edition 2022.2.2\plugins\maven\lib\maven3\boot\plexus-classworlds-2.6.0.jar;C:\Program Files\JetBrains\IntelliJ IDEA Community Edition 2022.2.2\plugins\maven\lib\maven3\boot\plexus-classworlds.license;C:\Program Files\JetBrains\IntelliJ IDEA Community Edition 2022.2.2\lib\idea_rt.jar"/>
    <property name="java.vm.specification.version" value="1.8"/>
    <property name="sun.arch.data.model" value="64"/>
    <property name="java.home" value="C:\Program Files\Java\jdk1.8.0_121\jre"/>
    <property name="sun.java.command" value="org.codehaus.classworlds.Launcher -Didea.version=2022.2.2 clean verify -Dtags=“userfeature:SMOKE,userfeature:POSITIVE,userfeature:NEGETIVE,”serenity:aggregate"/>
    <property name="java.specification.vendor" value="Oracle Corporation"/>
    <property name="user.language" value="en"/>
    <property name="awt.toolkit" value="sun.awt.windows.WToolkit"/>
    <property name="java.vm.info" value="mixed mode"/>
    <property name="java.version" value="1.8.0_121"/>
    <property name="java.ext.dirs" value="C:\Program Files\Java\jdk1.8.0_121\jre\lib\ext;C:\Windows\Sun\Java\lib\ext"/>
    <property name="sun.boot.class.path" value="C:\Program Files\Java\jdk1.8.0_121\jre\lib\resources.jar;C:\Program Files\Java\jdk1.8.0_121\jre\lib\rt.jar;C:\Program Files\Java\jdk1.8.0_121\jre\lib\sunrsasign.jar;C:\Program Files\Java\jdk1.8.0_121\jre\lib\jsse.jar;C:\Program Files\Java\jdk1.8.0_121\jre\lib\jce.jar;C:\Program Files\Java\jdk1.8.0_121\jre\lib\charsets.jar;C:\Program Files\Java\jdk1.8.0_121\jre\lib\jfr.jar;C:\Program Files\Java\jdk1.8.0_121\jre\classes"/>
    <property name="java.vendor" value="Oracle Corporation"/>
    <property name="maven.home" value="C:\Program Files\JetBrains\IntelliJ IDEA Community Edition 2022.2.2\plugins\maven\lib\maven3"/>
    <property name="file.separator" value="\"/>
    <property name="java.vendor.url.bug" value="http://bugreport.sun.com/bugreport/"/>
    <property name="sun.cpu.endian" value="little"/>
    <property name="sun.io.unicode.encoding" value="UnicodeLittle"/>
    <property name="sun.desktop" value="windows"/>
    <property name="sun.cpu.isalist" value="amd64"/>
  </properties>
  <testcase name="Given User application is running" classname="| 521 | test001 | pdd | marko | mar@example.com | prime123 | 4252524152 | 85 |" time="0"/>
  <testcase name="When I create new user by providing the information id &quot;521&quot; username &quot;test001&quot; firstname &quot;pdd&quot; lastname &quot;marko&quot; email &quot;mar@example.com&quot; password &quot;prime123&quot; phone &quot;4252524152&quot; status &quot;85&quot;" classname="| 521 | test001 | pdd | marko | mar@example.com | prime123 | 4252524152 | 85 |" time="0"/>
  <testcase name="Then I verify that the user is created with &quot;test001&quot;" classname="| 521 | test001 | pdd | marko | mar@example.com | prime123 | 4252524152 | 85 |" time="0"/>
  <testcase name="And I update user with username &quot;test001&quot;" classname="| 521 | test001 | pdd | marko | mar@example.com | prime123 | 4252524152 | 85 |" time="0"/>
  <testcase name="And I verify that user is updated" classname="| 521 | test001 | pdd | marko | mar@example.com | prime123 | 4252524152 | 85 |" time="0"/>
  <testcase name="And I delete user that created" classname="| 521 | test001 | pdd | marko | mar@example.com | prime123 | 4252524152 | 85 |" time="0"/>
  <testcase name="Then I verify user is deleted" classname="| 521 | test001 | pdd | marko | mar@example.com | prime123 | 4252524152 | 85 |" time="0"/>
  <testcase name="| 521 | test001 | pdd | marko | mar@example.com | prime123 | 4252524152 | 85 |" classname="| 521 | test001 | pdd | marko | mar@example.com | prime123 | 4252524152 | 85 |" time="0.005"/>
  <testcase name="Given User application is running" classname="| 585 | test005 | Kdd | jocopo | joc@example.com | prad123 | 5236251484 | 52 |" time="0"/>
  <testcase name="When I create new user by providing the information id &quot;585&quot; username &quot;test005&quot; firstname &quot;Kdd&quot; lastname &quot;jocopo&quot; email &quot;joc@example.com&quot; password &quot;prad123&quot; phone &quot;5236251484&quot; status &quot;52&quot;" classname="| 585 | test005 | Kdd | jocopo | joc@example.com | prad123 | 5236251484 | 52 |" time="0"/>
  <testcase name="Then I verify that the user is created with &quot;test005&quot;" classname="| 585 | test005 | Kdd | jocopo | joc@example.com | prad123 | 5236251484 | 52 |" time="0"/>
  <testcase name="And I update user with username &quot;test005&quot;" classname="| 585 | test005 | Kdd | jocopo | joc@example.com | prad123 | 5236251484 | 52 |" time="0"/>
  <testcase name="And I verify that user is updated" classname="| 585 | test005 | Kdd | jocopo | joc@example.com | prad123 | 5236251484 | 52 |" time="0"/>
  <testcase name="And I delete user that created" classname="| 585 | test005 | Kdd | jocopo | joc@example.com | prad123 | 5236251484 | 52 |" time="0"/>
  <testcase name="Then I verify user is deleted" classname="| 585 | test005 | Kdd | jocopo | joc@example.com | prad123 | 5236251484 | 52 |" time="0"/>
  <testcase name="| 585 | test005 | Kdd | jocopo | joc@example.com | prad123 | 5236251484 | 52 |" classname="| 585 | test005 | Kdd | jocopo | joc@example.com | prad123 | 5236251484 | 52 |" time="0.208"/>
</testsuite>